0 info it worked if it ends with ok
1 verbose cli [ 'C:\\Program Files\\nodejs\\node.exe',
1 verbose cli   'C:\\Program Files\\nodejs\\node_modules\\npm\\bin\\npm-cli.js',
1 verbose cli   'run',
1 verbose cli   'watch' ]
2 info using npm@3.10.10
3 info using node@v6.9.4
4 verbose run-script [ 'prewatch', 'watch', 'postwatch' ]
5 info lifecycle prestashop-core-theme-js@0.0.1~prewatch: prestashop-core-theme-js@0.0.1
6 silly lifecycle prestashop-core-theme-js@0.0.1~prewatch: no script for prewatch, continuing
7 info lifecycle prestashop-core-theme-js@0.0.1~watch: prestashop-core-theme-js@0.0.1
8 verbose lifecycle prestashop-core-theme-js@0.0.1~watch: unsafe-perm in lifecycle true
9 verbose lifecycle prestashop-core-theme-js@0.0.1~watch: PATH: C:\Program Files\nodejs\node_modules\npm\bin\node-gyp-bin;C:\xampp\htdocs\ps\themes\node_modules\.bin;C:\Ruby22-x64\bin;C:\ProgramData\Oracle\Java\javapath;C:\Windows\system32;C:\Windows;C:\Windows\System32\Wbem;C:\Windows\System32\WindowsPowerShell\v1.0\;C:\adb;C:\Program Files\Git\cmd;C:\WINDOWS\system32;C:\WINDOWS;C:\WINDOWS\System32\Wbem;C:\WINDOWS\System32\WindowsPowerShell\v1.0\;C:\xampp\php;C:\ProgramData\ComposerSetup\bin;C:\Program Files (x86)\Skype\Phone\;C:\Program Files\nodejs\;C:\PostgreSQL\pg95\bin;C:\Users\elias\AppData\Local\Programs\Python\Python35\Scripts\;C:\Users\elias\AppData\Local\Programs\Python\Python35\;C:\Program Files (x86)\Microsoft VS Code\bin;C:\Users\elias\AppData\Local\atom\bin;C:\Users\elias\AppData\Local\Microsoft\WindowsApps;C:\Users\elias\AppData\Roaming\Composer\vendor\bin;C:\Users\elias\AppData\Roaming\npm
10 verbose lifecycle prestashop-core-theme-js@0.0.1~watch: CWD: C:\xampp\htdocs\ps\themes
11 silly lifecycle prestashop-core-theme-js@0.0.1~watch: Args: [ '/d /s /c', 'webpack -w' ]
12 silly lifecycle prestashop-core-theme-js@0.0.1~watch: Returned: code: 1  signal: null
13 info lifecycle prestashop-core-theme-js@0.0.1~watch: Failed to exec watch script
14 verbose stack Error: prestashop-core-theme-js@0.0.1 watch: `webpack -w`
14 verbose stack Exit status 1
14 verbose stack     at EventEmitter.<anonymous> (C:\Program Files\nodejs\node_modules\npm\lib\utils\lifecycle.js:255:16)
14 verbose stack     at emitTwo (events.js:106:13)
14 verbose stack     at EventEmitter.emit (events.js:191:7)
14 verbose stack     at ChildProcess.<anonymous> (C:\Program Files\nodejs\node_modules\npm\lib\utils\spawn.js:40:14)
14 verbose stack     at emitTwo (events.js:106:13)
14 verbose stack     at ChildProcess.emit (events.js:191:7)
14 verbose stack     at maybeClose (internal/child_process.js:877:16)
14 verbose stack     at Process.ChildProcess._handle.onexit (internal/child_process.js:226:5)
15 verbose pkgid prestashop-core-theme-js@0.0.1
16 verbose cwd C:\xampp\htdocs\ps\themes\digital_theme
17 error Windows_NT 10.0.14393
18 error argv "C:\\Program Files\\nodejs\\node.exe" "C:\\Program Files\\nodejs\\node_modules\\npm\\bin\\npm-cli.js" "run" "watch"
19 error node v6.9.4
20 error npm  v3.10.10
21 error code ELIFECYCLE
22 error prestashop-core-theme-js@0.0.1 watch: `webpack -w`
22 error Exit status 1
23 error Failed at the prestashop-core-theme-js@0.0.1 watch script 'webpack -w'.
23 error Make sure you have the latest version of node.js and npm installed.
23 error If you do, this is most likely a problem with the prestashop-core-theme-js package,
23 error not with npm itself.
23 error Tell the author that this fails on your system:
23 error     webpack -w
23 error You can get information on how to open an issue for this project with:
23 error     npm bugs prestashop-core-theme-js
23 error Or if that isn't available, you can get their info via:
23 error     npm owner ls prestashop-core-theme-js
23 error There is likely additional logging output above.
24 verbose exit [ 1, true ]
